Performing C SOURCE FILE Test CMAKE_HAVE_LIBC_PTHREAD failed with the following output:
Change Dir: /home/frankie/Bureau/IMAC_2/ProgMaths_ALIDOR_COUARDT/build/CMakeFiles/CMakeTmp

Run Build Command(s):/usr/bin/make cmTC_b6bf5/fast && /usr/bin/make -f CMakeFiles/cmTC_b6bf5.dir/build.make CMakeFiles/cmTC_b6bf5.dir/build
make[1] : on entre dans le répertoire « /home/frankie/Bureau/IMAC_2/ProgMaths_ALIDOR_COUARDT/build/CMakeFiles/CMakeTmp »
Building C object CMakeFiles/cmTC_b6bf5.dir/src.c.o
/usr/bin/clang   -DCMAKE_HAVE_LIBC_PTHREAD   -o CMakeFiles/cmTC_b6bf5.dir/src.c.o   -c /home/frankie/Bureau/IMAC_2/ProgMaths_ALIDOR_COUARDT/build/CMakeFiles/CMakeTmp/src.c
Linking C executable cmTC_b6bf5
/usr/bin/cmake -E cmake_link_script CMakeFiles/cmTC_b6bf5.dir/link.txt --verbose=1
/usr/bin/clang  -DCMAKE_HAVE_LIBC_PTHREAD    CMakeFiles/cmTC_b6bf5.dir/src.c.o  -o cmTC_b6bf5 
/usr/bin/ld : CMakeFiles/cmTC_b6bf5.dir/src.c.o : dans la fonction « main » :
src.c:(.text+0x35) : référence indéfinie vers « pthread_create »
/usr/bin/ld : src.c:(.text+0x41) : référence indéfinie vers « pthread_detach »
/usr/bin/ld : src.c:(.text+0x53) : référence indéfinie vers « pthread_join »
clang: error: linker command failed with exit code 1 (use -v to see invocation)
make[1]: *** [CMakeFiles/cmTC_b6bf5.dir/build.make:87 : cmTC_b6bf5] Erreur 1
make[1] : on quitte le répertoire « /home/frankie/Bureau/IMAC_2/ProgMaths_ALIDOR_COUARDT/build/CMakeFiles/CMakeTmp »
make: *** [Makefile:121 : cmTC_b6bf5/fast] Erreur 2


Source file was:
#include <pthread.h>

void* test_func(void* data)
{
  return data;
}

int main(void)
{
  pthread_t thread;
  pthread_create(&thread, NULL, test_func, NULL);
  pthread_detach(thread);
  pthread_join(thread, NULL);
  pthread_atfork(NULL, NULL, NULL);
  pthread_exit(NULL);

  return 0;
}

Determining if the function pthread_create exists in the pthreads failed with the following output:
Change Dir: /home/frankie/Bureau/IMAC_2/ProgMaths_ALIDOR_COUARDT/build/CMakeFiles/CMakeTmp

Run Build Command(s):/usr/bin/make cmTC_3b631/fast && /usr/bin/make -f CMakeFiles/cmTC_3b631.dir/build.make CMakeFiles/cmTC_3b631.dir/build
make[1] : on entre dans le répertoire « /home/frankie/Bureau/IMAC_2/ProgMaths_ALIDOR_COUARDT/build/CMakeFiles/CMakeTmp »
Building C object CMakeFiles/cmTC_3b631.dir/CheckFunctionExists.c.o
/usr/bin/clang   -DCHECK_FUNCTION_EXISTS=pthread_create   -o CMakeFiles/cmTC_3b631.dir/CheckFunctionExists.c.o   -c /usr/share/cmake-3.16/Modules/CheckFunctionExists.c
Linking C executable cmTC_3b631
/usr/bin/cmake -E cmake_link_script CMakeFiles/cmTC_3b631.dir/link.txt --verbose=1
/usr/bin/clang  -DCHECK_FUNCTION_EXISTS=pthread_create    CMakeFiles/cmTC_3b631.dir/CheckFunctionExists.c.o  -o cmTC_3b631  -lpthreads 
/usr/bin/ld : ne peut trouver -lpthreads
clang: error: linker command failed with exit code 1 (use -v to see invocation)
make[1]: *** [CMakeFiles/cmTC_3b631.dir/build.make:87 : cmTC_3b631] Erreur 1
make[1] : on quitte le répertoire « /home/frankie/Bureau/IMAC_2/ProgMaths_ALIDOR_COUARDT/build/CMakeFiles/CMakeTmp »
make: *** [Makefile:121 : cmTC_3b631/fast] Erreur 2



